/rhome/josesa/MultiHubGgmSupplementalCode/simulations4
r21
Thu May 28 15:05:20 PDT 2026
aaaaaaaaaaaaaaaaaaaaaaaaaaaaaaaaaaaaaaaaaaaaaaaaaaaaaaaa

Attaching package: ‘dplyr’

The following objects are masked from ‘package:stats’:

    filter, lag

The following objects are masked from ‘package:base’:

    intersect, setdiff, setequal, union

Type 'citation("pROC")' for a citation.

Attaching package: ‘pROC’

The following objects are masked from ‘package:stats’:

    cov, smooth, var

[1] 86400    16
`summarise()` has regrouped the output.
ℹ Summaries were computed grouped by METHOD, p, ph1, ph2, T0, n, nhubs, and
  eval_par.
ℹ Output is grouped by METHOD, p, ph1, ph2, T0, n, and nhubs.
ℹ Use `summarise(.groups = "drop_last")` to silence this message.
ℹ Use `summarise(.by = c(METHOD, p, ph1, ph2, T0, n, nhubs, eval_par))` for
  per-operation grouping (`?dplyr::dplyr_by`) instead.
`summarise()` has regrouped the output.
ℹ Summaries were computed grouped by METHOD, p, ph1, ph2, T0, n, nhubs, and
  eval_par.
ℹ Output is grouped by METHOD, p, ph1, ph2, T0, n, and nhubs.
ℹ Use `summarise(.groups = "drop_last")` to silence this message.
ℹ Use `summarise(.by = c(METHOD, p, ph1, ph2, T0, n, nhubs, eval_par))` for
  per-operation grouping (`?dplyr::dplyr_by`) instead.
# A tibble: 6 × 10
# Groups:   METHOD, p, ph1, ph2, T0, n, nhubs [1]
  METHOD               p   ph1   ph2    T0     n nhubs eval_par   mean     sd
  <chr>            <dbl> <dbl> <dbl> <int> <int> <dbl> <chr>     <dbl>  <dbl>
1 ST.1OVER.CORR.IM   100   0.3   0.3   100    50     5 fn       0.522  0.161 
2 ST.1OVER.CORR.IM   100   0.3   0.3   100    50     5 fp       0.0111 0.0107
3 ST.1OVER.CORR.IM   100   0.3   0.3   100    50     5 fscr     0.562  0.163 
4 ST.1OVER.CORR.IM   100   0.3   0.3   100    50     5 prec     0.739  0.233 
5 ST.1OVER.CORR.IM   100   0.3   0.3   100    50     5 rcll     0.478  0.161 
6 ST.1OVER.CORR.IM   100   0.3   0.3   100    50     5 tp       0.478  0.161 

Attaching package: ‘dplyr’

The following objects are masked from ‘package:stats’:

    filter, lag

The following objects are masked from ‘package:base’:

    intersect, setdiff, setequal, union

Type 'citation("pROC")' for a citation.

Attaching package: ‘pROC’

The following objects are masked from ‘package:stats’:

    cov, smooth, var

`summarise()` has regrouped the output.
ℹ Summaries were computed grouped by TASK_ID, SIM_NUM, microrun, METHOD, p, T0,
  n, ph1, and ph2.
ℹ Output is grouped by TASK_ID, SIM_NUM, microrun, METHOD, p, T0, n, and ph1.
ℹ Use `summarise(.groups = "drop_last")` to silence this message.
ℹ Use `summarise(.by = c(TASK_ID, SIM_NUM, microrun, METHOD, p, T0, n, ph1,
  ph2))` for per-operation grouping (`?dplyr::dplyr_by`) instead.
`summarise()` has regrouped the output.
ℹ Summaries were computed grouped by TASK_ID, METHOD, p, T0, n, ph1, and ph2.
ℹ Output is grouped by TASK_ID, METHOD, p, T0, n, and ph1.
ℹ Use `summarise(.groups = "drop_last")` to silence this message.
ℹ Use `summarise(.by = c(TASK_ID, METHOD, p, T0, n, ph1, ph2))` for
  per-operation grouping (`?dplyr::dplyr_by`) instead.
`summarise()` has regrouped the output.
ℹ Summaries were computed grouped by TASK_ID, SIM_NUM, microrun, METHOD, p, T0,
  n, ph1, and ph2.
ℹ Output is grouped by TASK_ID, SIM_NUM, microrun, METHOD, p, T0, n, and ph1.
ℹ Use `summarise(.groups = "drop_last")` to silence this message.
ℹ Use `summarise(.by = c(TASK_ID, SIM_NUM, microrun, METHOD, p, T0, n, ph1,
  ph2))` for per-operation grouping (`?dplyr::dplyr_by`) instead.
`summarise()` has regrouped the output.
ℹ Summaries were computed grouped by TASK_ID, METHOD, p, T0, n, ph1, and ph2.
ℹ Output is grouped by TASK_ID, METHOD, p, T0, n, and ph1.
ℹ Use `summarise(.groups = "drop_last")` to silence this message.
ℹ Use `summarise(.by = c(TASK_ID, METHOD, p, T0, n, ph1, ph2))` for
  per-operation grouping (`?dplyr::dplyr_by`) instead.
`summarise()` has regrouped the output.
ℹ Summaries were computed grouped by TASK_ID, SIM_NUM, microrun, METHOD, p, T0,
  n, ph1, and ph2.
ℹ Output is grouped by TASK_ID, SIM_NUM, microrun, METHOD, p, T0, n, and ph1.
ℹ Use `summarise(.groups = "drop_last")` to silence this message.
ℹ Use `summarise(.by = c(TASK_ID, SIM_NUM, microrun, METHOD, p, T0, n, ph1,
  ph2))` for per-operation grouping (`?dplyr::dplyr_by`) instead.
`summarise()` has regrouped the output.
ℹ Summaries were computed grouped by TASK_ID, METHOD, p, T0, n, ph1, and ph2.
ℹ Output is grouped by TASK_ID, METHOD, p, T0, n, and ph1.
ℹ Use `summarise(.groups = "drop_last")` to silence this message.
ℹ Use `summarise(.by = c(TASK_ID, METHOD, p, T0, n, ph1, ph2))` for
  per-operation grouping (`?dplyr::dplyr_by`) instead.
`summarise()` has regrouped the output.
ℹ Summaries were computed grouped by TASK_ID, SIM_NUM, microrun, METHOD, p, T0,
  n, ph1, and ph2.
ℹ Output is grouped by TASK_ID, SIM_NUM, microrun, METHOD, p, T0, n, and ph1.
ℹ Use `summarise(.groups = "drop_last")` to silence this message.
ℹ Use `summarise(.by = c(TASK_ID, SIM_NUM, microrun, METHOD, p, T0, n, ph1,
  ph2))` for per-operation grouping (`?dplyr::dplyr_by`) instead.
`summarise()` has regrouped the output.
ℹ Summaries were computed grouped by TASK_ID, METHOD, p, T0, n, ph1, and ph2.
ℹ Output is grouped by TASK_ID, METHOD, p, T0, n, and ph1.
ℹ Use `summarise(.groups = "drop_last")` to silence this message.
ℹ Use `summarise(.by = c(TASK_ID, METHOD, p, T0, n, ph1, ph2))` for
  per-operation grouping (`?dplyr::dplyr_by`) instead.
`summarise()` has regrouped the output.
ℹ Summaries were computed grouped by TASK_ID, SIM_NUM, microrun, METHOD, p, T0,
  n, ph1, and ph2.
ℹ Output is grouped by TASK_ID, SIM_NUM, microrun, METHOD, p, T0, n, and ph1.
ℹ Use `summarise(.groups = "drop_last")` to silence this message.
ℹ Use `summarise(.by = c(TASK_ID, SIM_NUM, microrun, METHOD, p, T0, n, ph1,
  ph2))` for per-operation grouping (`?dplyr::dplyr_by`) instead.
`summarise()` has regrouped the output.
ℹ Summaries were computed grouped by TASK_ID, METHOD, p, T0, n, ph1, and ph2.
ℹ Output is grouped by TASK_ID, METHOD, p, T0, n, and ph1.
ℹ Use `summarise(.groups = "drop_last")` to silence this message.
ℹ Use `summarise(.by = c(TASK_ID, METHOD, p, T0, n, ph1, ph2))` for
  per-operation grouping (`?dplyr::dplyr_by`) instead.
`summarise()` has regrouped the output.
ℹ Summaries were computed grouped by TASK_ID, SIM_NUM, microrun, METHOD, p, T0,
  n, ph1, and ph2.
ℹ Output is grouped by TASK_ID, SIM_NUM, microrun, METHOD, p, T0, n, and ph1.
ℹ Use `summarise(.groups = "drop_last")` to silence this message.
ℹ Use `summarise(.by = c(TASK_ID, SIM_NUM, microrun, METHOD, p, T0, n, ph1,
  ph2))` for per-operation grouping (`?dplyr::dplyr_by`) instead.
`summarise()` has regrouped the output.
ℹ Summaries were computed grouped by TASK_ID, METHOD, p, T0, n, ph1, and ph2.
ℹ Output is grouped by TASK_ID, METHOD, p, T0, n, and ph1.
ℹ Use `summarise(.groups = "drop_last")` to silence this message.
ℹ Use `summarise(.by = c(TASK_ID, METHOD, p, T0, n, ph1, ph2))` for
  per-operation grouping (`?dplyr::dplyr_by`) instead.
[1] GLASSO               HWGLASSO             IPC-HD: Thresholding
[4] JIC-HD              
Levels: GLASSO HWGLASSO IPC-HD: Thresholding JIC-HD
 [1] "TASK_ID"  "METHOD"   "p"        "T0"       "n"        "ph1"     
 [7] "ph2"      "MeanTime" "SdTime"   "ph1_name" "ph2_name" "p_name"  
 [1]  50  75 100 125 150 200 250 300 400 500
aaaaaaaaaaaaaaaaaaaaaaaaaaaaaaaaaaaaaaaaaaaaaaaaaaaaaaaa
a
a
Thu May 28 15:09:12 PDT 2026
